<?xml version="1.0" encoding="UTF-8"?>
<!-- Generated by org.testng.reporters.JUnitReportReporter -->
<testsuite skipped="0" hostname="Nisar-PC" name="com.qa.test.HelloWorldTest" tests="1" failures="0" timestamp="02 Jul 2018 13:32:06 GMT" time="0.037" errors="0">
  <testcase name="PrintHelloWorld" time="0.037" classname="com.qa.test.HelloWorldTest"/>
</testsuite> <!-- com.qa.test.HelloWorldTest -->
